[2025-09-24 09:00:00] [VINCEV] [vince] SETUP - Initial Laravel application setup and EMC project foundation
[2025-09-24 10:30:00] [VINCEV] [vince] FEATURE - Enterprise Management Console core structure implementation
[2025-09-24 11:15:00] [VINCEV] [vince] FEATURE - Database Management module architecture design
[2025-09-24 11:45:00] [VINCEV] [vince] FEATURE - Database Management submodules: Backup, Connections, Performance, Query, Replication
[2025-09-24 12:00:00] [VINCEV] [vince] REFACTOR - Laravel Pint code formatting fixes (184 files)
[2025-09-24 12:15:00] [VINCEV] [vince] REFACTOR - PHPStan static analysis improvements - added return type hints
[2025-09-24 12:30:00] [VINCEV] [vince] REFACTOR - DevAutoLogin middleware improvements - config() vs env() calls
[2025-09-24 12:45:00] [VINCEV] [vince] DEPLOYMENT - Git merge conflicts resolution and main branch sync
[2025-09-24 13:00:00] [VINCEV] [vince] DEPLOYMENT - GitHub main branch update with complete EMC implementation
[2025-09-24 13:15:00] [VINCEV] [vince] DOCUMENTATION - Comprehensive setup documentation and automation scripts
[2025-09-24 13:30:00] [VINCEV] [vince] SETUP - Development logging and computer tracking system implementation[2025-09-24 10:17:46] [VINCEV] [vince] SETUP - Testing development logging system implementation
[2025-09-24 10:18:01] [VINCEV] [vince] DOCUMENTATION - Completed multi-computer development logging system with cross-platform support
[2025-09-24 10:28:23] [VINCEV] [vince] TESTING - Testing modify and update functionality with development logging system
[2025-09-24 10:30:14] [VINCEV] [vince] FEATURE - Added development status badges to README.md for better project visibility
[2025-09-24 10:32:50] [VINCEV] [vince] TESTING - Successfully completed modify and update workflow test - all changes committed and pushed to GitHub
[2025-09-24 10:45:27] [VINCEV] [vince] TESTING - Shell integration working perfectly
[2025-09-24 10:46:51] [VINCEV] [vince] FEATURE - Implemented comprehensive shell integration system with enhanced command detection
[2025-09-24 11:00:15] [VINCEV] [vince] DEPLOYMENT - Successfully deployed comprehensive shell integration system to GitHub main branch
[2025-09-24 11:06:37] [VINCEV] [vince] BUGFIX - Fixed VS Code shell integration warning with programmatic solution
[2025-09-24 12:41:15] [VINCEV] [vince] BUGFIX - Implemented definitive VS Code shell integration fix with registry-based permanent solution to eliminate persistent warnings
[2025-09-24 12:42:02] [VINCEV] [vince] DEPLOYMENT - Successfully deployed definitive VS Code shell integration fix to GitHub - commit 1ad4323
[2025-09-27 06:23:04] [VINCEV] [vince] BUGFIX - Fixed PowerShell shell integration slow loading - created fast version that loads instantly
[2025-09-27 06:25:57] [VINCEV] [vince] CLEANUP - Removed unnecessary shell integration files - keeping only essential fast version
[2025-09-27 06:26:53] [VINCEV] [vince] DEPLOYMENT - Final clean shell integration solution deployed successfully
[2025-09-27 06:33:05] [VINCEV] [vince] SETUP - Started Enterprise Management Console development server on http://127.0.0.1:8000
[2025-09-27 06:36:20] [VINCEV] [vince] DOCUMENTATION - Created comprehensive project documentation and deployment summary - project ready for production
[2025-09-30 21:24:37] [VINCEV] [vince] CLEANUP - Removed unnecessary files: output logs, temp files, artifacts, and redundant development scripts
